<?xml version="1.0" encoding="UTF-8"?>
<testng-results ignored="0" total="1" passed="1" failed="0" skipped="0">
  <reporter-output>
  </reporter-output>
  <suite started-at="2024-06-21T11:54:04 CDT" name="Surefire suite" finished-at="2024-06-21T11:54:11 CDT" duration-ms="7227">
    <groups>
      <group name="cucumber">
        <method signature="AbstractTestNGCucumberTests.feature(cucumber.api.testng.CucumberFeatureWrapper)[pri:0, instance:testrunner_onlineshop.Testrunner@a2431d0]" name="feature" class="cucumber.api.testng.AbstractTestNGCucumberTests"/>
      </group> <!-- cucumber -->
    </groups>
    <test started-at="2024-06-21T11:54:04 CDT" name="Surefire test" finished-at="2024-06-21T11:54:11 CDT" duration-ms="7227">
      <class name="testrunner_onlineshop.Testrunner">
        <test-method is-config="true" signature="StartURL()[pri:0, instance:testrunner_onlineshop.Testrunner@a2431d0]" started-at="2024-06-21T11:54:04 CDT" name="StartURL" finished-at="2024-06-21T11:54:06 CDT" duration-ms="1592" status="PASS">
          <reporter-output>
          </reporter-output>
        </test-method> <!-- StartURL -->
        <test-method is-config="true" signature="setUpClass()[pri:0, instance:testrunner_onlineshop.Testrunner@a2431d0]" started-at="2024-06-21T11:54:06 CDT" name="setUpClass" finished-at="2024-06-21T11:54:06 CDT" duration-ms="302" status="PASS">
          <reporter-output>
          </reporter-output>
        </test-method> <!-- setUpClass -->
        <test-method signature="feature(cucumber.api.testng.CucumberFeatureWrapper)[pri:0, instance:testrunner_onlineshop.Testrunner@a2431d0]" started-at="2024-06-21T11:54:06 CDT" name="feature" description="Runs Cucumber Feature" data-provider="features" finished-at="2024-06-21T11:54:11 CDT" duration-ms="4965" status="PASS">
          <params>
            <param index="0">
              <value>
                <![CDATA[This feature is for register activity]]>
              </value>
            </param>
          </params>
          <reporter-output>
          </reporter-output>
        </test-method> <!-- feature -->
        <test-method is-config="true" signature="tearDownClass()[pri:0, instance:testrunner_onlineshop.Testrunner@a2431d0]" started-at="2024-06-21T11:54:11 CDT" name="tearDownClass" finished-at="2024-06-21T11:54:11 CDT" duration-ms="0" status="PASS">
          <reporter-output>
          </reporter-output>
        </test-method> <!-- tearDownClass -->
        <test-method is-config="true" signature="CloseBrowser()[pri:0, instance:testrunner_onlineshop.Testrunner@a2431d0]" started-at="2024-06-21T11:54:11 CDT" name="CloseBrowser" finished-at="2024-06-21T11:54:11 CDT" duration-ms="224" status="PASS">
          <reporter-output>
          </reporter-output>
        </test-method> <!-- CloseBrowser -->
      </class> <!-- testrunner_onlineshop.Testrunner -->
    </test> <!-- Surefire test -->
  </suite> <!-- Surefire suite -->
</testng-results>
