<?xml version="1.0" encoding="UTF-8"?>
<testng-results ignored="0" total="2" passed="2" failed="0" skipped="0">
  <reporter-output>
  </reporter-output>
  <suite started-at="2024-06-26T11:01:03 CDT" name="Default suite" finished-at="2024-06-26T11:01:17 CDT" duration-ms="13473">
    <groups>
      <group name="cucumber">
        <method signature="AbstractTestNGCucumberTests.feature(cucumber.api.testng.CucumberFeatureWrapper)[pri:0, instance:testrunner_onlineshop.Testrunner@792b749c]" name="feature" class="cucumber.api.testng.AbstractTestNGCucumberTests"/>
      </group> <!-- cucumber -->
    </groups>
    <test started-at="2024-06-26T11:01:03 CDT" name="Default test" finished-at="2024-06-26T11:01:17 CDT" duration-ms="13473">
      <class name="testrunner_onlineshop.Testrunner">
        <test-method is-config="true" signature="StartURL()[pri:0, instance:testrunner_onlineshop.Testrunner@792b749c]" started-at="2024-06-26T11:01:03 CDT" name="StartURL" finished-at="2024-06-26T11:01:06 CDT" duration-ms="2150" status="PASS">
          <reporter-output>
          </reporter-output>
        </test-method> <!-- StartURL -->
        <test-method is-config="true" signature="setUpClass()[pri:0, instance:testrunner_onlineshop.Testrunner@792b749c]" started-at="2024-06-26T11:01:06 CDT" name="setUpClass" finished-at="2024-06-26T11:01:06 CDT" duration-ms="282" status="PASS">
          <reporter-output>
          </reporter-output>
        </test-method> <!-- setUpClass -->
        <test-method signature="feature(cucumber.api.testng.CucumberFeatureWrapper)[pri:0, instance:testrunner_onlineshop.Testrunner@792b749c]" started-at="2024-06-26T11:01:06 CDT" name="feature" description="Runs Cucumber Feature" data-provider="features" finished-at="2024-06-26T11:01:14 CDT" duration-ms="8327" status="PASS">
          <params>
            <param index="0">
              <value>
                <![CDATA[This feature is for verify login activity]]>
              </value>
            </param>
          </params>
          <reporter-output>
          </reporter-output>
        </test-method> <!-- feature -->
        <test-method signature="feature(cucumber.api.testng.CucumberFeatureWrapper)[pri:0, instance:testrunner_onlineshop.Testrunner@792b749c]" started-at="2024-06-26T11:01:14 CDT" name="feature" description="Runs Cucumber Feature" data-provider="features" finished-at="2024-06-26T11:01:17 CDT" duration-ms="2391" status="PASS">
          <params>
            <param index="0">
              <value>
                <![CDATA[This feature is for register activity]]>
              </value>
            </param>
          </params>
          <reporter-output>
          </reporter-output>
        </test-method> <!-- feature -->
        <test-method is-config="true" signature="tearDownClass()[pri:0, instance:testrunner_onlineshop.Testrunner@792b749c]" started-at="2024-06-26T11:01:17 CDT" name="tearDownClass" finished-at="2024-06-26T11:01:17 CDT" duration-ms="5" status="PASS">
          <reporter-output>
          </reporter-output>
        </test-method> <!-- tearDownClass -->
        <test-method is-config="true" signature="CloseBrowser()[pri:0, instance:testrunner_onlineshop.Testrunner@792b749c]" started-at="2024-06-26T11:01:17 CDT" name="CloseBrowser" finished-at="2024-06-26T11:01:17 CDT" duration-ms="175" status="PASS">
          <reporter-output>
          </reporter-output>
        </test-method> <!-- CloseBrowser -->
      </class> <!-- testrunner_onlineshop.Testrunner -->
    </test> <!-- Default test -->
  </suite> <!-- Default suite -->
</testng-results>
